<?xml version="1.0" encoding="UTF-8"?>
<testsuite name="ru.stqa.pft.addressbook.tests.ContactPhoneTests" tests="1" skipped="0" failures="0" errors="0" timestamp="2018-05-30T22:19:04" hostname="LubovPC" time="0.874">
  <properties/>
  <testcase name="testContactPhones" classname="ru.stqa.pft.addressbook.tests.ContactPhoneTests" time="0.874"/>
  <system-out><![CDATA[]]></system-out>
  <system-err><![CDATA[]]></system-err>
</testsuite>
