<?xml version="1.0" encoding="UTF-8"?>
<testsuite name="ru.stqa.pft.addressbook.tests.ContactCreationTests" tests="3" skipped="0" failures="0" errors="0" timestamp="2018-05-30T22:17:54" hostname="LubovPC" time="36.568">
  <properties/>
  <testcase name="testContactCreation[0](ContactData{id=2147483647, firstname='firstName 0', lastname='lastName 0'})" classname="ru.stqa.pft.addressbook.tests.ContactCreationTests" time="12.366"/>
  <testcase name="testContactCreation[1](ContactData{id=2147483647, firstname='firstName 1', lastname='lastName 1'})" classname="ru.stqa.pft.addressbook.tests.ContactCreationTests" time="9.448"/>
  <testcase name="testContactCreation[2](ContactData{id=2147483647, firstname='firstName 2', lastname='lastName 2'})" classname="ru.stqa.pft.addressbook.tests.ContactCreationTests" time="14.752"/>
  <system-out><![CDATA[]]></system-out>
  <system-err><![CDATA[]]></system-err>
</testsuite>
