<?xml version="1.0" encoding="UTF-8"?>
<testsuite name="ru.stqa.pft.addressbook.tests.ContactEmailTests" tests="1" skipped="0" failures="0" errors="0" timestamp="2018-05-30T22:18:55" hostname="LubovPC" time="4.636">
  <properties/>
  <testcase name="testContactEmail" classname="ru.stqa.pft.addressbook.tests.ContactEmailTests" time="4.636"/>
  <system-out><![CDATA[]]></system-out>
  <system-err><![CDATA[]]></system-err>
</testsuite>
